[2026-04-05T15:11:42.268+0000] {taskinstance.py:1957} INFO - Dependencies all met for dep_context=non-requeueable deps ti=<TaskInstance: ecommerce_batch_pipeline.log_pipeline_health scheduled__2026-04-04T00:00:00+00:00 [queued]>
[2026-04-05T15:11:42.272+0000] {taskinstance.py:1957} INFO - Dependencies all met for dep_context=requeueable deps ti=<TaskInstance: ecommerce_batch_pipeline.log_pipeline_health scheduled__2026-04-04T00:00:00+00:00 [queued]>
[2026-04-05T15:11:42.272+0000] {taskinstance.py:2171} INFO - Starting attempt 1 of 3
[2026-04-05T15:11:42.277+0000] {taskinstance.py:2192} INFO - Executing <Task(PythonOperator): log_pipeline_health> on 2026-04-04 00:00:00+00:00
[2026-04-05T15:11:42.279+0000] {standard_task_runner.py:60} INFO - Started process 311 to run task
[2026-04-05T15:11:42.280+0000] {standard_task_runner.py:87} INFO - Running: ['***', 'tasks', 'run', 'ecommerce_batch_pipeline', 'log_pipeline_health', 'scheduled__2026-04-04T00:00:00+00:00', '--job-id', '6', '--raw', '--subdir', 'DAGS_FOLDER/pipeline_dag.py', '--cfg-path', '/tmp/tmpv3cb49u6']
[2026-04-05T15:11:42.281+0000] {standard_task_runner.py:88} INFO - Job 6: Subtask log_pipeline_health
[2026-04-05T15:11:42.301+0000] {task_command.py:423} INFO - Running <TaskInstance: ecommerce_batch_pipeline.log_pipeline_health scheduled__2026-04-04T00:00:00+00:00 [running]> on host d880ccc0fee1
[2026-04-05T15:11:42.330+0000] {taskinstance.py:2481} INFO - Exporting env vars: AIRFLOW_CTX_DAG_OWNER='data_engineer' AIRFLOW_CTX_DAG_ID='ecommerce_batch_pipeline' AIRFLOW_CTX_TASK_ID='log_pipeline_health' AIRFLOW_CTX_EXECUTION_DATE='2026-04-04T00:00:00+00:00' AIRFLOW_CTX_TRY_NUMBER='1' AIRFLOW_CTX_DAG_RUN_ID='scheduled__2026-04-04T00:00:00+00:00'
[2026-04-05T15:11:42.333+0000] {pipeline_dag.py:167} INFO - === Pipeline Health Report ===
[2026-04-05T15:11:42.333+0000] {pipeline_dag.py:168} INFO -   Total orders   : 1787
[2026-04-05T15:11:42.333+0000] {pipeline_dag.py:169} INFO -   Total revenue  : $1,155,704.54
[2026-04-05T15:11:42.333+0000] {pipeline_dag.py:170} INFO -   Avg order value: $646.73
[2026-04-05T15:11:42.333+0000] {pipeline_dag.py:171} INFO -   Delivered      : 794
[2026-04-05T15:11:42.333+0000] {pipeline_dag.py:172} INFO -   Cancelled      : 180
[2026-04-05T15:11:42.333+0000] {pipeline_dag.py:173} INFO -   Returned       : 90
[2026-04-05T15:11:42.333+0000] {python.py:201} INFO - Done. Returned value was: None
[2026-04-05T15:11:42.337+0000] {taskinstance.py:1138} INFO - Marking task as SUCCESS. dag_id=ecommerce_batch_pipeline, task_id=log_pipeline_health, execution_date=20260404T000000, start_date=20260405T151142, end_date=20260405T151142
[2026-04-05T15:11:42.377+0000] {local_task_job_runner.py:234} INFO - Task exited with return code 0
[2026-04-05T15:11:42.388+0000] {taskinstance.py:3281} INFO - 0 downstream tasks scheduled from follow-on schedule check
